2026-02-13 03:18:22,881 | INFO | === ЗАПУСК ОБНОВЛЕНИЯ FAISS ИНДЕКСА ===
2026-02-13 03:18:22,883 | INFO | Время запуска: 2026-02-13 03:18:22
2026-02-13 03:18:22,916 | INFO | Изменений не обнаружено. Индекс уже актуален.
2026-02-13 03:18:23,019 | INFO | === ЗАВЕРШЕНИЕ ОБНОВЛЕНИЯ ===
2026-02-13 03:18:23,019 | INFO | Время завершения: 2026-02-13 03:18:23
2026-02-13 03:18:23,019 | INFO | Добавлено новых чанков: 0
2026-02-13 03:18:23,019 | INFO | Размер итогового индекса: 826 векторов
2026-02-13 03:18:23,019 | INFO | Обновление успешно завершено без ошибок
2026-02-13 03:20:23,771 | INFO | === ЗАПУСК ОБНОВЛЕНИЯ FAISS ИНДЕКСА ===
2026-02-13 03:20:23,786 | INFO | Время запуска: 2026-02-13 03:20:23
2026-02-13 03:20:24,993 | INFO | === ЗАВЕРШЕНИЕ ОБНОВЛЕНИЯ ===
2026-02-13 03:20:24,993 | INFO | Время завершения: 2026-02-13 03:20:24
2026-02-13 03:20:24,993 | INFO | Добавлено новых чанков: 1
2026-02-13 03:20:24,993 | INFO | Размер итогового индекса: 827 векторов
2026-02-13 03:20:24,993 | INFO | Обновление успешно завершено без ошибок
2026-02-13 03:22:20,884 | INFO | === ЗАПУСК ОБНОВЛЕНИЯ FAISS ИНДЕКСА ===
2026-02-13 03:22:20,887 | INFO | Время запуска: 2026-02-13 03:22:20
2026-02-13 03:22:20,915 | INFO | Изменений не обнаружено. Индекс уже актуален.
2026-02-13 03:22:21,004 | INFO | === ЗАВЕРШЕНИЕ ОБНОВЛЕНИЯ ===
2026-02-13 03:22:21,004 | INFO | Время завершения: 2026-02-13 03:22:21
2026-02-13 03:22:21,004 | INFO | Добавлено новых чанков: 0
2026-02-13 03:22:21,004 | INFO | Размер итогового индекса: 827 векторов
2026-02-13 03:22:21,004 | INFO | Обновление успешно завершено без ошибок
2026-02-13 03:24:23,175 | INFO | === ЗАПУСК ОБНОВЛЕНИЯ FAISS ИНДЕКСА ===
2026-02-13 03:24:23,177 | INFO | Время запуска: 2026-02-13 03:24:23
2026-02-13 03:24:23,215 | INFO | Изменений не обнаружено. Индекс уже актуален.
2026-02-13 03:24:23,306 | INFO | === ЗАВЕРШЕНИЕ ОБНОВЛЕНИЯ ===
2026-02-13 03:24:23,306 | INFO | Время завершения: 2026-02-13 03:24:23
2026-02-13 03:24:23,306 | INFO | Добавлено новых чанков: 0
2026-02-13 03:24:23,306 | INFO | Размер итогового индекса: 827 векторов
2026-02-13 03:24:23,306 | INFO | Обновление успешно завершено без ошибок
2026-02-13 03:26:20,433 | INFO | === ЗАПУСК ОБНОВЛЕНИЯ FAISS ИНДЕКСА ===
2026-02-13 03:26:20,433 | INFO | Время запуска: 2026-02-13 03:26:20
2026-02-13 03:26:20,466 | INFO | Изменений не обнаружено. Индекс уже актуален.
2026-02-13 03:26:20,513 | INFO | === ЗАВЕРШЕНИЕ ОБНОВЛЕНИЯ ===
2026-02-13 03:26:20,513 | INFO | Время завершения: 2026-02-13 03:26:20
2026-02-13 03:26:20,513 | INFO | Добавлено новых чанков: 0
2026-02-13 03:26:20,513 | INFO | Размер итогового индекса: 827 векторов
2026-02-13 03:26:20,513 | INFO | Обновление успешно завершено без ошибок
